# Nmap 7.99 scan initiated Wed May  6 12:36:36 2026 as: C:\\Users\\Lance\\scoop\\apps\\nmap\\current\\nmap.exe -sV -T4 -oN Watchtower_Ops/Final_Sync_Sweep.log 192.168.68.110 192.168.68.107 192.168.68.112 192.168.68.109
Nmap scan report for host.docker.internal (192.168.68.110)
Host is up (0.0012s latency).
Not shown: 987 closed tcp ports (reset)
PORT     STATE SERVICE          VERSION
22/tcp   open  ssh              OpenSSH for_Windows_9.5 (protocol 2.0)
53/tcp   open  domain           Unbound
80/tcp   open  http             Golang net/http server
135/tcp  open  msrpc            Microsoft Windows RPC
139/tcp  open  netbios-ssn      Microsoft Windows netbios-ssn
443/tcp  open  ssl/http         Golang net/http server
2179/tcp open  vmrdp?
3000/tcp open  http             Grafana http
3001/tcp open  http             Node.js Express framework
5357/tcp open  http             Microsoft HTTPAPI httpd 2.0 (SSDP/UPnP)
8080/tcp open  http             Apache httpd 2.4.66 ((Debian))
8082/tcp open  blackice-alerts?
8086/tcp open  http             InfluxDB http admin 2.7.12
3 services unrecognized despite returning data. If you know the service/version, please submit the following fingerprints at https://nmap.org/cgi-bin/submit.cgi?new-service :
==============NEXT SERVICE FINGERPRINT (SUBMIT INDIVIDUALLY)==============
SF-Port80-TCP:V=7.99%I=7%D=5/6%Time=69FB984C%P=i686-pc-windows-windows%r(G
SF:etRequest,B0,"HTTP/1\.0\x20302\x20Found\r\nContent-Type:\x20text/html;\
SF:x20charset=utf-8\r\nLocation:\x20/login\.html\r\nDate:\x20Wed,\x2006\x2
SF:0May\x202026\x2019:36:44\x20GMT\r\nContent-Length:\x2034\r\n\r\n<a\x20h
SF:ref=\"/login\.html\">Found</a>\.\n\n")%r(HTTPOptions,65,"HTTP/1\.0\x203
SF:02\x20Found\r\nLocation:\x20/login\.html\r\nDate:\x20Wed,\x2006\x20May\
SF:x202026\x2019:36:44\x20GMT\r\nContent-Length:\x200\r\n\r\n")%r(RTSPRequ
SF:est,67,"HTTP/1\.1\x20400\x20Bad\x20Request\r\nContent-Type:\x20text/pla
SF:in;\x20charset=utf-8\r\nConnection:\x20close\r\n\r\n400\x20Bad\x20Reque
SF:st")%r(FourOhFourRequest,55,"HTTP/1\.0\x20401\x20Unauthorized\r\nDate:\
SF:x20Wed,\x2006\x20May\x202026\x2019:36:44\x20GMT\r\nContent-Length:\x200
SF:\r\n\r\n")%r(GenericLines,67,"HTTP/1\.1\x20400\x20Bad\x20Request\r\nCon
SF:tent-Type:\x20text/plain;\x20charset=utf-8\r\nConnection:\x20close\r\n\
SF:r\n400\x20Bad\x20Request")%r(Help,67,"HTTP/1\.1\x20400\x20Bad\x20Reques
SF:t\r\nContent-Type:\x20text/plain;\x20charset=utf-8\r\nConnection:\x20cl
SF:ose\r\n\r\n400\x20Bad\x20Request")%r(SSLSessionReq,67,"HTTP/1\.1\x20400
SF:\x20Bad\x20Request\r\nContent-Type:\x20text/plain;\x20charset=utf-8\r\n
SF:Connection:\x20close\r\n\r\n400\x20Bad\x20Request")%r(LPDString,67,"HTT
SF:P/1\.1\x20400\x20Bad\x20Request\r\nContent-Type:\x20text/plain;\x20char
SF:set=utf-8\r\nConnection:\x20close\r\n\r\n400\x20Bad\x20Request")%r(SIPO
SF:ptions,67,"HTTP/1\.1\x20400\x20Bad\x20Request\r\nContent-Type:\x20text/
SF:plain;\x20charset=utf-8\r\nConnection:\x20close\r\n\r\n400\x20Bad\x20Re
SF:quest")%r(Socks5,67,"HTTP/1\.1\x20400\x20Bad\x20Request\r\nContent-Type
SF::\x20text/plain;\x20charset=utf-8\r\nConnection:\x20close\r\n\r\n400\x2
SF:0Bad\x20Request")%r(OfficeScan,A3,"HTTP/1\.1\x20400\x20Bad\x20Request:\
SF:x20missing\x20required\x20Host\x20header\r\nContent-Type:\x20text/plain
SF:;\x20charset=utf-8\r\nConnection:\x20close\r\n\r\n400\x20Bad\x20Request
SF::\x20missing\x20required\x20Host\x20header");
==============NEXT SERVICE FINGERPRINT (SUBMIT INDIVIDUALLY)==============
SF-Port443-TCP:V=7.99%T=SSL%I=7%D=5/6%Time=69FB9852%P=i686-pc-windows-wind
SF:ows%r(GetRequest,B0,"HTTP/1\.0\x20302\x20Found\r\nContent-Type:\x20text
SF:/html;\x20charset=utf-8\r\nLocation:\x20/login\.html\r\nDate:\x20Wed,\x
SF:2006\x20May\x202026\x2019:36:50\x20GMT\r\nContent-Length:\x2034\r\n\r\n
SF:<a\x20href=\"/login\.html\">Found</a>\.\n\n")%r(HTTPOptions,65,"HTTP/1\
SF:.0\x20302\x20Found\r\nLocation:\x20/login\.html\r\nDate:\x20Wed,\x2006\
SF:x20May\x202026\x2019:36:50\x20GMT\r\nContent-Length:\x200\r\n\r\n")%r(F
SF:ourOhFourRequest,55,"HTTP/1\.0\x20401\x20Unauthorized\r\nDate:\x20Wed,\
SF:x2006\x20May\x202026\x2019:36:50\x20GMT\r\nContent-Length:\x200\r\n\r\n
SF:")%r(GenericLines,67,"HTTP/1\.1\x20400\x20Bad\x20Request\r\nContent-Typ
SF:e:\x20text/plain;\x20charset=utf-8\r\nConnection:\x20close\r\n\r\n400\x
SF:20Bad\x20Request")%r(RTSPRequest,67,"HTTP/1\.1\x20400\x20Bad\x20Request
SF:\r\nContent-Type:\x20text/plain;\x20charset=utf-8\r\nConnection:\x20clo
SF:se\r\n\r\n400\x20Bad\x20Request")%r(Help,67,"HTTP/1\.1\x20400\x20Bad\x2
SF:0Request\r\nContent-Type:\x20text/plain;\x20charset=utf-8\r\nConnection
SF::\x20close\r\n\r\n400\x20Bad\x20Request")%r(SSLSessionReq,67,"HTTP/1\.1
SF:\x20400\x20Bad\x20Request\r\nContent-Type:\x20text/plain;\x20charset=ut
SF:f-8\r\nConnection:\x20close\r\n\r\n400\x20Bad\x20Request")%r(LPDString,
SF:67,"HTTP/1\.1\x20400\x20Bad\x20Request\r\nContent-Type:\x20text/plain;\
SF:x20charset=utf-8\r\nConnection:\x20close\r\n\r\n400\x20Bad\x20Request")
SF:%r(SIPOptions,67,"HTTP/1\.1\x20400\x20Bad\x20Request\r\nContent-Type:\x
SF:20text/plain;\x20charset=utf-8\r\nConnection:\x20close\r\n\r\n400\x20Ba
SF:d\x20Request")%r(Socks5,67,"HTTP/1\.1\x20400\x20Bad\x20Request\r\nConte
SF:nt-Type:\x20text/plain;\x20charset=utf-8\r\nConnection:\x20close\r\n\r\
SF:n400\x20Bad\x20Request")%r(OfficeScan,A3,"HTTP/1\.1\x20400\x20Bad\x20Re
SF:quest:\x20missing\x20required\x20Host\x20header\r\nContent-Type:\x20tex
SF:t/plain;\x20charset=utf-8\r\nConnection:\x20close\r\n\r\n400\x20Bad\x20
SF:Request:\x20missing\x20required\x20Host\x20header");
==============NEXT SERVICE FINGERPRINT (SUBMIT INDIVIDUALLY)==============
SF-Port8082-TCP:V=7.99%I=7%D=5/6%Time=69FB984C%P=i686-pc-windows-windows%r
SF:(GetRequest,1B3,"HTTP/1\.0\x20400\x20Bad\x20Request\r\ncontent-type:\x2
SF:0text/html;\x20charset=utf-8\r\ncontent-length:\x20122\r\nserver-timing
SF::\x20total;dur=2\.107,\x20render;dur=0\r\nx-content-type-options:\x20no
SF:sniff\r\nx-download-options:\x20noopen\r\nx-robots-tag:\x20noindex,\x20
SF:nofollow\r\nreferrer-policy:\x20no-referrer\r\nserver:\x20granian\r\nda
SF:te:\x20Wed,\x2006\x20May\x202026\x2019:36:44\x20GMT\r\n\r\n<!doctype\x2
SF:0html>\n<html\x20lang=en>\n<title>400\x20Bad\x20Request</title>\n<h1>Ba
SF:d\x20Request</h1>\n<p>Host\x20&#39;&#39;\x20is\x20not\x20trusted\.</p>\
SF:n")%r(FourOhFourRequest,1B2,"HTTP/1\.0\x20400\x20Bad\x20Request\r\ncont
SF:ent-type:\x20text/html;\x20charset=utf-8\r\ncontent-length:\x20122\r\ns
SF:erver-timing:\x20total;dur=2\.67,\x20render;dur=0\r\nx-content-type-opt
SF:ions:\x20nosniff\r\nx-download-options:\x20noopen\r\nx-robots-tag:\x20n
SF:oindex,\x20nofollow\r\nreferrer-policy:\x20no-referrer\r\nserver:\x20gr
SF:anian\r\ndate:\x20Wed,\x2006\x20May\x202026\x2019:36:44\x20GMT\r\n\r\n<
SF:!doctype\x20html>\n<html\x20lang=en>\n<title>400\x20Bad\x20Request</tit
SF:le>\n<h1>Bad\x20Request</h1>\n<p>Host\x20&#39;&#39;\x20is\x20not\x20tru
SF:sted\.</p>\n")%r(HTTPOptions,1B3,"HTTP/1\.0\x20400\x20Bad\x20Request\r\
SF:ncontent-type:\x20text/html;\x20charset=utf-8\r\ncontent-length:\x20122
SF:\r\nserver-timing:\x20total;dur=1\.328,\x20render;dur=0\r\nx-content-ty
SF:pe-options:\x20nosniff\r\nx-download-options:\x20noopen\r\nx-robots-tag
SF::\x20noindex,\x20nofollow\r\nreferrer-policy:\x20no-referrer\r\nserver:
SF:\x20granian\r\ndate:\x20Wed,\x2006\x20May\x202026\x2019:36:49\x20GMT\r\
SF:n\r\n<!doctype\x20html>\n<html\x20lang=en>\n<title>400\x20Bad\x20Reques
SF:t</title>\n<h1>Bad\x20Request</h1>\n<p>Host\x20&#39;&#39;\x20is\x20not\
SF:x20trusted\.</p>\n")%r(RTSPRequest,67,"HTTP/1\.1\x20400\x20Bad\x20Reque
SF:st\r\nconnection:\x20close\r\ncontent-length:\x200\r\ndate:\x20Wed,\x20
SF:06\x20May\x202026\x2019:36:49\x20GMT\r\n\r\n")%r(RPCCheck,67,"HTTP/1\.1
SF:\x20400\x20Bad\x20Request\r\nconnection:\x20close\r\ncontent-length:\x2
SF:00\r\ndate:\x20Wed,\x2006\x20May\x202026\x2019:36:49\x20GMT\r\n\r\n");
Service Info: OS: Windows; CPE: cpe:/o:microsoft:windows

Nmap scan report for 192.168.68.107
Host is up (0.0022s latency).
Not shown: 988 closed tcp ports (reset)
PORT     STATE SERVICE          VERSION
22/tcp   open  ssh              OpenSSH for_Windows_9.5 (protocol 2.0)
53/tcp   open  domain           Unbound
80/tcp   open  http             Golang net/http server
135/tcp  open  msrpc            Microsoft Windows RPC
443/tcp  open  ssl/http         Golang net/http server
2179/tcp open  vmrdp?
3000/tcp open  http             Grafana http
3001/tcp open  http             Node.js Express framework
5357/tcp open  http             Microsoft HTTPAPI httpd 2.0 (SSDP/UPnP)
8080/tcp open  http             Apache httpd 2.4.66 ((Debian))
8082/tcp open  blackice-alerts?
8086/tcp open  http             InfluxDB http admin 2.7.12
3 services unrecognized despite returning data. If you know the service/version, please submit the following fingerprints at https://nmap.org/cgi-bin/submit.cgi?new-service :
==============NEXT SERVICE FINGERPRINT (SUBMIT INDIVIDUALLY)==============
SF-Port80-TCP:V=7.99%I=7%D=5/6%Time=69FB987A%P=i686-pc-windows-windows%r(G
SF:etRequest,B0,"HTTP/1\.0\x20302\x20Found\r\nContent-Type:\x20text/html;\
SF:x20charset=utf-8\r\nLocation:\x20/login\.html\r\nDate:\x20Wed,\x2006\x2
SF:0May\x202026\x2019:37:30\x20GMT\r\nContent-Length:\x2034\r\n\r\n<a\x20h
SF:ref=\"/login\.html\">Found</a>\.\n\n")%r(HTTPOptions,65,"HTTP/1\.0\x203
SF:02\x20Found\r\nLocation:\x20/login\.html\r\nDate:\x20Wed,\x2006\x20May\
SF:x202026\x2019:37:30\x20GMT\r\nContent-Length:\x200\r\n\r\n")%r(RTSPRequ
SF:est,67,"HTTP/1\.1\x20400\x20Bad\x20Request\r\nContent-Type:\x20text/pla
SF:in;\x20charset=utf-8\r\nConnection:\x20close\r\n\r\n400\x20Bad\x20Reque
SF:st")%r(FourOhFourRequest,55,"HTTP/1\.0\x20401\x20Unauthorized\r\nDate:\
SF:x20Wed,\x2006\x20May\x202026\x2019:37:30\x20GMT\r\nContent-Length:\x200
SF:\r\n\r\n")%r(GenericLines,67,"HTTP/1\.1\x20400\x20Bad\x20Request\r\nCon
SF:tent-Type:\x20text/plain;\x20charset=utf-8\r\nConnection:\x20close\r\n\
SF:r\n400\x20Bad\x20Request")%r(Help,67,"HTTP/1\.1\x20400\x20Bad\x20Reques
SF:t\r\nContent-Type:\x20text/plain;\x20charset=utf-8\r\nConnection:\x20cl
SF:ose\r\n\r\n400\x20Bad\x20Request")%r(SSLSessionReq,67,"HTTP/1\.1\x20400
SF:\x20Bad\x20Request\r\nContent-Type:\x20text/plain;\x20charset=utf-8\r\n
SF:Connection:\x20close\r\n\r\n400\x20Bad\x20Request")%r(LPDString,67,"HTT
SF:P/1\.1\x20400\x20Bad\x20Request\r\nContent-Type:\x20text/plain;\x20char
SF:set=utf-8\r\nConnection:\x20close\r\n\r\n400\x20Bad\x20Request")%r(SIPO
SF:ptions,67,"HTTP/1\.1\x20400\x20Bad\x20Request\r\nContent-Type:\x20text/
SF:plain;\x20charset=utf-8\r\nConnection:\x20close\r\n\r\n400\x20Bad\x20Re
SF:quest")%r(Socks5,67,"HTTP/1\.1\x20400\x20Bad\x20Request\r\nContent-Type
SF::\x20text/plain;\x20charset=utf-8\r\nConnection:\x20close\r\n\r\n400\x2
SF:0Bad\x20Request")%r(OfficeScan,A3,"HTTP/1\.1\x20400\x20Bad\x20Request:\
SF:x20missing\x20required\x20Host\x20header\r\nContent-Type:\x20text/plain
SF:;\x20charset=utf-8\r\nConnection:\x20close\r\n\r\n400\x20Bad\x20Request
SF::\x20missing\x20required\x20Host\x20header");
==============NEXT SERVICE FINGERPRINT (SUBMIT INDIVIDUALLY)==============
SF-Port443-TCP:V=7.99%T=SSL%I=7%D=5/6%Time=69FB9880%P=i686-pc-windows-wind
SF:ows%r(GetRequest,B0,"HTTP/1\.0\x20302\x20Found\r\nContent-Type:\x20text
SF:/html;\x20charset=utf-8\r\nLocation:\x20/login\.html\r\nDate:\x20Wed,\x
SF:2006\x20May\x202026\x2019:37:36\x20GMT\r\nContent-Length:\x2034\r\n\r\n
SF:<a\x20href=\"/login\.html\">Found</a>\.\n\n")%r(HTTPOptions,65,"HTTP/1\
SF:.0\x20302\x20Found\r\nLocation:\x20/login\.html\r\nDate:\x20Wed,\x2006\
SF:x20May\x202026\x2019:37:37\x20GMT\r\nContent-Length:\x200\r\n\r\n")%r(F
SF:ourOhFourRequest,55,"HTTP/1\.0\x20401\x20Unauthorized\r\nDate:\x20Wed,\
SF:x2006\x20May\x202026\x2019:37:37\x20GMT\r\nContent-Length:\x200\r\n\r\n
SF:")%r(GenericLines,67,"HTTP/1\.1\x20400\x20Bad\x20Request\r\nContent-Typ
SF:e:\x20text/plain;\x20charset=utf-8\r\nConnection:\x20close\r\n\r\n400\x
SF:20Bad\x20Request")%r(RTSPRequest,67,"HTTP/1\.1\x20400\x20Bad\x20Request
SF:\r\nContent-Type:\x20text/plain;\x20charset=utf-8\r\nConnection:\x20clo
SF:se\r\n\r\n400\x20Bad\x20Request")%r(Help,67,"HTTP/1\.1\x20400\x20Bad\x2
SF:0Request\r\nContent-Type:\x20text/plain;\x20charset=utf-8\r\nConnection
SF::\x20close\r\n\r\n400\x20Bad\x20Request")%r(SSLSessionReq,67,"HTTP/1\.1
SF:\x20400\x20Bad\x20Request\r\nContent-Type:\x20text/plain;\x20charset=ut
SF:f-8\r\nConnection:\x20close\r\n\r\n400\x20Bad\x20Request")%r(LPDString,
SF:67,"HTTP/1\.1\x20400\x20Bad\x20Request\r\nContent-Type:\x20text/plain;\
SF:x20charset=utf-8\r\nConnection:\x20close\r\n\r\n400\x20Bad\x20Request")
SF:%r(SIPOptions,67,"HTTP/1\.1\x20400\x20Bad\x20Request\r\nContent-Type:\x
SF:20text/plain;\x20charset=utf-8\r\nConnection:\x20close\r\n\r\n400\x20Ba
SF:d\x20Request")%r(Socks5,67,"HTTP/1\.1\x20400\x20Bad\x20Request\r\nConte
SF:nt-Type:\x20text/plain;\x20charset=utf-8\r\nConnection:\x20close\r\n\r\
SF:n400\x20Bad\x20Request")%r(OfficeScan,A3,"HTTP/1\.1\x20400\x20Bad\x20Re
SF:quest:\x20missing\x20required\x20Host\x20header\r\nContent-Type:\x20tex
SF:t/plain;\x20charset=utf-8\r\nConnection:\x20close\r\n\r\n400\x20Bad\x20
SF:Request:\x20missing\x20required\x20Host\x20header");
==============NEXT SERVICE FINGERPRINT (SUBMIT INDIVIDUALLY)==============
SF-Port8082-TCP:V=7.99%I=7%D=5/6%Time=69FB987A%P=i686-pc-windows-windows%r
SF:(GetRequest,1B3,"HTTP/1\.0\x20400\x20Bad\x20Request\r\ncontent-type:\x2
SF:0text/html;\x20charset=utf-8\r\ncontent-length:\x20122\r\nserver-timing
SF::\x20total;dur=4\.826,\x20render;dur=0\r\nx-content-type-options:\x20no
SF:sniff\r\nx-download-options:\x20noopen\r\nx-robots-tag:\x20noindex,\x20
SF:nofollow\r\nreferrer-policy:\x20no-referrer\r\nserver:\x20granian\r\nda
SF:te:\x20Wed,\x2006\x20May\x202026\x2019:37:30\x20GMT\r\n\r\n<!doctype\x2
SF:0html>\n<html\x20lang=en>\n<title>400\x20Bad\x20Request</title>\n<h1>Ba
SF:d\x20Request</h1>\n<p>Host\x20&#39;&#39;\x20is\x20not\x20trusted\.</p>\
SF:n")%r(FourOhFourRequest,1B3,"HTTP/1\.0\x20400\x20Bad\x20Request\r\ncont
SF:ent-type:\x20text/html;\x20charset=utf-8\r\ncontent-length:\x20122\r\ns
SF:erver-timing:\x20total;dur=1\.466,\x20render;dur=0\r\nx-content-type-op
SF:tions:\x20nosniff\r\nx-download-options:\x20noopen\r\nx-robots-tag:\x20
SF:noindex,\x20nofollow\r\nreferrer-policy:\x20no-referrer\r\nserver:\x20g
SF:ranian\r\ndate:\x20Wed,\x2006\x20May\x202026\x2019:37:30\x20GMT\r\n\r\n
SF:<!doctype\x20html>\n<html\x20lang=en>\n<title>400\x20Bad\x20Request</ti
SF:tle>\n<h1>Bad\x20Request</h1>\n<p>Host\x20&#39;&#39;\x20is\x20not\x20tr
SF:usted\.</p>\n")%r(HTTPOptions,1B3,"HTTP/1\.0\x20400\x20Bad\x20Request\r
SF:\ncontent-type:\x20text/html;\x20charset=utf-8\r\ncontent-length:\x2012
SF:2\r\nserver-timing:\x20total;dur=3\.991,\x20render;dur=0\r\nx-content-t
SF:ype-options:\x20nosniff\r\nx-download-options:\x20noopen\r\nx-robots-ta
SF:g:\x20noindex,\x20nofollow\r\nreferrer-policy:\x20no-referrer\r\nserver
SF::\x20granian\r\ndate:\x20Wed,\x2006\x20May\x202026\x2019:37:36\x20GMT\r
SF:\n\r\n<!doctype\x20html>\n<html\x20lang=en>\n<title>400\x20Bad\x20Reque
SF:st</title>\n<h1>Bad\x20Request</h1>\n<p>Host\x20&#39;&#39;\x20is\x20not
SF:\x20trusted\.</p>\n")%r(RTSPRequest,67,"HTTP/1\.1\x20400\x20Bad\x20Requ
SF:est\r\nconnection:\x20close\r\ncontent-length:\x200\r\ndate:\x20Wed,\x2
SF:006\x20May\x202026\x2019:37:36\x20GMT\r\n\r\n")%r(RPCCheck,67,"HTTP/1\.
SF:1\x20400\x20Bad\x20Request\r\nconnection:\x20close\r\ncontent-length:\x
SF:200\r\ndate:\x20Wed,\x2006\x20May\x202026\x2019:37:36\x20GMT\r\n\r\n");
Service Info: OS: Windows; CPE: cpe:/o:microsoft:windows

Nmap scan report for 192.168.68.112
Host is up (0.026s latency).
All 1000 scanned ports on 192.168.68.112 are in ignored states.
Not shown: 1000 closed tcp ports (reset)
MAC Address: 24:F0:D3:CF:8F:CF (Samsung Electronics)

Service detection performed. Please report any incorrect results at https://nmap.org/submit/ .
# Nmap done at Wed May  6 12:38:29 2026 -- 4 IP addresses (3 hosts up) scanned in 112.59 seconds
