# Nmap 7.99 scan initiated Wed May  6 12:04:14 2026 as: C:\\Users\\Lance\\scoop\\apps\\nmap\\current\\nmap.exe -sV -T4 -oN Watchtower_Ops/Sync_Scan.log 192.168.68.109 192.168.68.112 192.168.68.110
Nmap scan report for host.docker.internal (192.168.68.110)
Host is up (0.0016s latency).
Not shown: 987 closed tcp ports (reset)
PORT     STATE    SERVICE          VERSION
22/tcp   open     ssh              OpenSSH for_Windows_9.5 (protocol 2.0)
53/tcp   filtered domain
80/tcp   open     http             Golang net/http server
135/tcp  open     msrpc            Microsoft Windows RPC
139/tcp  open     netbios-ssn      Microsoft Windows netbios-ssn
443/tcp  open     ssl/http         Golang net/http server
2179/tcp open     vmrdp?
3000/tcp open     http             Grafana http
3001/tcp open     http             Node.js Express framework
5357/tcp open     http             Microsoft HTTPAPI httpd 2.0 (SSDP/UPnP)
8080/tcp open     http             Apache httpd 2.4.66
8082/tcp open     blackice-alerts?
8086/tcp open     http             InfluxDB http admin 2.7.12
3 services unrecognized despite returning data. If you know the service/version, please submit the following fingerprints at https://nmap.org/cgi-bin/submit.cgi?new-service :
==============NEXT SERVICE FINGERPRINT (SUBMIT INDIVIDUALLY)==============
SF-Port80-TCP:V=7.99%I=7%D=5/6%Time=69FB90B9%P=i686-pc-windows-windows%r(G
SF:etRequest,B0,"HTTP/1\.0\x20302\x20Found\r\nContent-Type:\x20text/html;\
SF:x20charset=utf-8\r\nLocation:\x20/login\.html\r\nDate:\x20Wed,\x2006\x2
SF:0May\x202026\x2019:04:25\x20GMT\r\nContent-Length:\x2034\r\n\r\n<a\x20h
SF:ref=\"/login\.html\">Found</a>\.\n\n")%r(HTTPOptions,65,"HTTP/1\.0\x203
SF:02\x20Found\r\nLocation:\x20/login\.html\r\nDate:\x20Wed,\x2006\x20May\
SF:x202026\x2019:04:25\x20GMT\r\nContent-Length:\x200\r\n\r\n")%r(RTSPRequ
SF:est,67,"HTTP/1\.1\x20400\x20Bad\x20Request\r\nContent-Type:\x20text/pla
SF:in;\x20charset=utf-8\r\nConnection:\x20close\r\n\r\n400\x20Bad\x20Reque
SF:st")%r(FourOhFourRequest,55,"HTTP/1\.0\x20401\x20Unauthorized\r\nDate:\
SF:x20Wed,\x2006\x20May\x202026\x2019:04:25\x20GMT\r\nContent-Length:\x200
SF:\r\n\r\n")%r(GenericLines,67,"HTTP/1\.1\x20400\x20Bad\x20Request\r\nCon
SF:tent-Type:\x20text/plain;\x20charset=utf-8\r\nConnection:\x20close\r\n\
SF:r\n400\x20Bad\x20Request")%r(Help,67,"HTTP/1\.1\x20400\x20Bad\x20Reques
SF:t\r\nContent-Type:\x20text/plain;\x20charset=utf-8\r\nConnection:\x20cl
SF:ose\r\n\r\n400\x20Bad\x20Request")%r(SSLSessionReq,67,"HTTP/1\.1\x20400
SF:\x20Bad\x20Request\r\nContent-Type:\x20text/plain;\x20charset=utf-8\r\n
SF:Connection:\x20close\r\n\r\n400\x20Bad\x20Request")%r(LPDString,67,"HTT
SF:P/1\.1\x20400\x20Bad\x20Request\r\nContent-Type:\x20text/plain;\x20char
SF:set=utf-8\r\nConnection:\x20close\r\n\r\n400\x20Bad\x20Request")%r(SIPO
SF:ptions,67,"HTTP/1\.1\x20400\x20Bad\x20Request\r\nContent-Type:\x20text/
SF:plain;\x20charset=utf-8\r\nConnection:\x20close\r\n\r\n400\x20Bad\x20Re
SF:quest")%r(Socks5,67,"HTTP/1\.1\x20400\x20Bad\x20Request\r\nContent-Type
SF::\x20text/plain;\x20charset=utf-8\r\nConnection:\x20close\r\n\r\n400\x2
SF:0Bad\x20Request")%r(OfficeScan,A3,"HTTP/1\.1\x20400\x20Bad\x20Request:\
SF:x20missing\x20required\x20Host\x20header\r\nContent-Type:\x20text/plain
SF:;\x20charset=utf-8\r\nConnection:\x20close\r\n\r\n400\x20Bad\x20Request
SF::\x20missing\x20required\x20Host\x20header");
==============NEXT SERVICE FINGERPRINT (SUBMIT INDIVIDUALLY)==============
SF-Port443-TCP:V=7.99%T=SSL%I=7%D=5/6%Time=69FB90BF%P=i686-pc-windows-wind
SF:ows%r(GetRequest,B0,"HTTP/1\.0\x20302\x20Found\r\nContent-Type:\x20text
SF:/html;\x20charset=utf-8\r\nLocation:\x20/login\.html\r\nDate:\x20Wed,\x
SF:2006\x20May\x202026\x2019:04:31\x20GMT\r\nContent-Length:\x2034\r\n\r\n
SF:<a\x20href=\"/login\.html\">Found</a>\.\n\n")%r(HTTPOptions,65,"HTTP/1\
SF:.0\x20302\x20Found\r\nLocation:\x20/login\.html\r\nDate:\x20Wed,\x2006\
SF:x20May\x202026\x2019:04:31\x20GMT\r\nContent-Length:\x200\r\n\r\n")%r(F
SF:ourOhFourRequest,55,"HTTP/1\.0\x20401\x20Unauthorized\r\nDate:\x20Wed,\
SF:x2006\x20May\x202026\x2019:04:31\x20GMT\r\nContent-Length:\x200\r\n\r\n
SF:")%r(GenericLines,67,"HTTP/1\.1\x20400\x20Bad\x20Request\r\nContent-Typ
SF:e:\x20text/plain;\x20charset=utf-8\r\nConnection:\x20close\r\n\r\n400\x
SF:20Bad\x20Request")%r(RTSPRequest,67,"HTTP/1\.1\x20400\x20Bad\x20Request
SF:\r\nContent-Type:\x20text/plain;\x20charset=utf-8\r\nConnection:\x20clo
SF:se\r\n\r\n400\x20Bad\x20Request")%r(Help,67,"HTTP/1\.1\x20400\x20Bad\x2
SF:0Request\r\nContent-Type:\x20text/plain;\x20charset=utf-8\r\nConnection
SF::\x20close\r\n\r\n400\x20Bad\x20Request")%r(SSLSessionReq,67,"HTTP/1\.1
SF:\x20400\x20Bad\x20Request\r\nContent-Type:\x20text/plain;\x20charset=ut
SF:f-8\r\nConnection:\x20close\r\n\r\n400\x20Bad\x20Request")%r(LPDString,
SF:67,"HTTP/1\.1\x20400\x20Bad\x20Request\r\nContent-Type:\x20text/plain;\
SF:x20charset=utf-8\r\nConnection:\x20close\r\n\r\n400\x20Bad\x20Request")
SF:%r(SIPOptions,67,"HTTP/1\.1\x20400\x20Bad\x20Request\r\nContent-Type:\x
SF:20text/plain;\x20charset=utf-8\r\nConnection:\x20close\r\n\r\n400\x20Ba
SF:d\x20Request")%r(Socks5,67,"HTTP/1\.1\x20400\x20Bad\x20Request\r\nConte
SF:nt-Type:\x20text/plain;\x20charset=utf-8\r\nConnection:\x20close\r\n\r\
SF:n400\x20Bad\x20Request")%r(OfficeScan,A3,"HTTP/1\.1\x20400\x20Bad\x20Re
SF:quest:\x20missing\x20required\x20Host\x20header\r\nContent-Type:\x20tex
SF:t/plain;\x20charset=utf-8\r\nConnection:\x20close\r\n\r\n400\x20Bad\x20
SF:Request:\x20missing\x20required\x20Host\x20header");
==============NEXT SERVICE FINGERPRINT (SUBMIT INDIVIDUALLY)==============
SF-Port8082-TCP:V=7.99%I=7%D=5/6%Time=69FB90B9%P=i686-pc-windows-windows%r
SF:(GetRequest,1B4,"HTTP/1\.0\x20400\x20Bad\x20Request\r\ncontent-type:\x2
SF:0text/html;\x20charset=utf-8\r\ncontent-length:\x20122\r\nserver-timing
SF::\x20total;dur=43\.226,\x20render;dur=0\r\nx-content-type-options:\x20n
SF:osniff\r\nx-download-options:\x20noopen\r\nx-robots-tag:\x20noindex,\x2
SF:0nofollow\r\nreferrer-policy:\x20no-referrer\r\nserver:\x20granian\r\nd
SF:ate:\x20Wed,\x2006\x20May\x202026\x2019:04:25\x20GMT\r\n\r\n<!doctype\x
SF:20html>\n<html\x20lang=en>\n<title>400\x20Bad\x20Request</title>\n<h1>B
SF:ad\x20Request</h1>\n<p>Host\x20&#39;&#39;\x20is\x20not\x20trusted\.</p>
SF:\n")%r(FourOhFourRequest,1B3,"HTTP/1\.0\x20400\x20Bad\x20Request\r\ncon
SF:tent-type:\x20text/html;\x20charset=utf-8\r\ncontent-length:\x20122\r\n
SF:server-timing:\x20total;dur=1\.492,\x20render;dur=0\r\nx-content-type-o
SF:ptions:\x20nosniff\r\nx-download-options:\x20noopen\r\nx-robots-tag:\x2
SF:0noindex,\x20nofollow\r\nreferrer-policy:\x20no-referrer\r\nserver:\x20
SF:granian\r\ndate:\x20Wed,\x2006\x20May\x202026\x2019:04:25\x20GMT\r\n\r\
SF:n<!doctype\x20html>\n<html\x20lang=en>\n<title>400\x20Bad\x20Request</t
SF:itle>\n<h1>Bad\x20Request</h1>\n<p>Host\x20&#39;&#39;\x20is\x20not\x20t
SF:rusted\.</p>\n")%r(HTTPOptions,1B3,"HTTP/1\.0\x20400\x20Bad\x20Request\
SF:r\ncontent-type:\x20text/html;\x20charset=utf-8\r\ncontent-length:\x201
SF:22\r\nserver-timing:\x20total;dur=3\.014,\x20render;dur=0\r\nx-content-
SF:type-options:\x20nosniff\r\nx-download-options:\x20noopen\r\nx-robots-t
SF:ag:\x20noindex,\x20nofollow\r\nreferrer-policy:\x20no-referrer\r\nserve
SF:r:\x20granian\r\ndate:\x20Wed,\x2006\x20May\x202026\x2019:04:30\x20GMT\
SF:r\n\r\n<!doctype\x20html>\n<html\x20lang=en>\n<title>400\x20Bad\x20Requ
SF:est</title>\n<h1>Bad\x20Request</h1>\n<p>Host\x20&#39;&#39;\x20is\x20no
SF:t\x20trusted\.</p>\n")%r(RTSPRequest,67,"HTTP/1\.1\x20400\x20Bad\x20Req
SF:uest\r\nconnection:\x20close\r\ncontent-length:\x200\r\ndate:\x20Wed,\x
SF:2006\x20May\x202026\x2019:04:30\x20GMT\r\n\r\n")%r(RPCCheck,67,"HTTP/1\
SF:.1\x20400\x20Bad\x20Request\r\nconnection:\x20close\r\ncontent-length:\
SF:x200\r\ndate:\x20Wed,\x2006\x20May\x202026\x2019:04:30\x20GMT\r\n\r\n");
Service Info: Host: 172.17.0.2; OS: Windows; CPE: cpe:/o:microsoft:windows

Service detection performed. Please report any incorrect results at https://nmap.org/submit/ .
# Nmap done at Wed May  6 12:05:05 2026 -- 3 IP addresses (1 host up) scanned in 51.11 seconds
